Determining if the pthread_create exist failed with the following output:
Change Dir: /home/ynki9/Dev/ucf_research/project_edge/cmake-build-release/CMakeFiles/CMakeTmp

Run Build Command(s):/usr/bin/make cmTC_a615f/fast 
/usr/bin/make -f CMakeFiles/cmTC_a615f.dir/build.make CMakeFiles/cmTC_a615f.dir/build
make[1]: Entering directory '/home/ynki9/Dev/ucf_research/project_edge/cmake-build-release/CMakeFiles/CMakeTmp'
Building CXX object CMakeFiles/cmTC_a615f.dir/CheckSymbolExists.cxx.o
/usr/bin/c++    -Wall -Wextra -g -rdynamic    -std=gnu++11 -o CMakeFiles/cmTC_a615f.dir/CheckSymbolExists.cxx.o -c /home/ynki9/Dev/ucf_research/project_edge/cmake-build-release/CMakeFiles/CMakeTmp/CheckSymbolExists.cxx
Linking CXX executable cmTC_a615f
/home/ynki9/opt/clion-2019.2/bin/cmake/linux/bin/cmake -E cmake_link_script CMakeFiles/cmTC_a615f.dir/link.txt --verbose=1
/usr/bin/c++   -Wall -Wextra -g -rdynamic     CMakeFiles/cmTC_a615f.dir/CheckSymbolExists.cxx.o  -o cmTC_a615f 
CMakeFiles/cmTC_a615f.dir/CheckSymbolExists.cxx.o: In function `main':
/home/ynki9/Dev/ucf_research/project_edge/cmake-build-release/CMakeFiles/CMakeTmp/CheckSymbolExists.cxx:8: undefined reference to `pthread_create'
collect2: error: ld returned 1 exit status
CMakeFiles/cmTC_a615f.dir/build.make:86: recipe for target 'cmTC_a615f' failed
make[1]: *** [cmTC_a615f] Error 1
make[1]: Leaving directory '/home/ynki9/Dev/ucf_research/project_edge/cmake-build-release/CMakeFiles/CMakeTmp'
Makefile:121: recipe for target 'cmTC_a615f/fast' failed
make: *** [cmTC_a615f/fast] Error 2

File /home/ynki9/Dev/ucf_research/project_edge/cmake-build-release/CMakeFiles/CMakeTmp/CheckSymbolExists.cxx:
/* */
#include <pthread.h>

int main(int argc, char** argv)
{
  (void)argv;
#ifndef pthread_create
  return ((int*)(&pthread_create))[argc];
#else
  (void)argc;
  return 0;
#endif
}

Determining if the function pthread_create exists in the pthreads failed with the following output:
Change Dir: /home/ynki9/Dev/ucf_research/project_edge/cmake-build-release/CMakeFiles/CMakeTmp

Run Build Command(s):/usr/bin/make cmTC_ed104/fast 
/usr/bin/make -f CMakeFiles/cmTC_ed104.dir/build.make CMakeFiles/cmTC_ed104.dir/build
make[1]: Entering directory '/home/ynki9/Dev/ucf_research/project_edge/cmake-build-release/CMakeFiles/CMakeTmp'
Building CXX object CMakeFiles/cmTC_ed104.dir/CheckFunctionExists.cxx.o
/usr/bin/c++    -Wall -Wextra -g -rdynamic -DCHECK_FUNCTION_EXISTS=pthread_create   -std=gnu++11 -o CMakeFiles/cmTC_ed104.dir/CheckFunctionExists.cxx.o -c /home/ynki9/Dev/ucf_research/project_edge/cmake-build-release/CMakeFiles/CheckLibraryExists/CheckFunctionExists.cxx
Linking CXX executable cmTC_ed104
/home/ynki9/opt/clion-2019.2/bin/cmake/linux/bin/cmake -E cmake_link_script CMakeFiles/cmTC_ed104.dir/link.txt --verbose=1
/usr/bin/c++   -Wall -Wextra -g -rdynamic -DCHECK_FUNCTION_EXISTS=pthread_create    CMakeFiles/cmTC_ed104.dir/CheckFunctionExists.cxx.o  -o cmTC_ed104 -lpthreads 
/usr/bin/ld: cannot find -lpthreads
collect2: error: ld returned 1 exit status
CMakeFiles/cmTC_ed104.dir/build.make:86: recipe for target 'cmTC_ed104' failed
make[1]: *** [cmTC_ed104] Error 1
make[1]: Leaving directory '/home/ynki9/Dev/ucf_research/project_edge/cmake-build-release/CMakeFiles/CMakeTmp'
Makefile:121: recipe for target 'cmTC_ed104/fast' failed
make: *** [cmTC_ed104/fast] Error 2


